DEBUG:multipart.multipart:Calling on_field_start with no data
DEBUG:multipart.multipart:Calling on_field_name with data[0:4]
DEBUG:multipart.multipart:Calling on_field_data with data[5:13]
DEBUG:multipart.multipart:Calling on_field_end with no data
DEBUG:multipart.multipart:Calling on_field_start with no data
DEBUG:multipart.multipart:Calling on_field_name with data[14:23]
DEBUG:multipart.multipart:Calling on_field_data with data[24:30]
DEBUG:multipart.multipart:Calling on_field_end with no data
DEBUG:multipart.multipart:Calling on_field_start with no data
DEBUG:multipart.multipart:Calling on_field_name with data[31:36]
DEBUG:multipart.multipart:Calling on_field_data with data[37:62]
DEBUG:multipart.multipart:Calling on_field_end with no data
DEBUG:multipart.multipart:Calling on_field_start with no data
DEBUG:multipart.multipart:Calling on_field_name with data[63:71]
DEBUG:multipart.multipart:Calling on_field_data with data[72:80]
DEBUG:multipart.multipart:Calling on_field_end with no data
DEBUG:multipart.multipart:Calling on_end with no data
DEBUG:passlib.handlers.bcrypt:detected 'bcrypt' backend, version '4.0.1'
DEBUG:passlib.handlers.bcrypt:'bcrypt' backend lacks $2$ support, enabling workaround
DEBUG:multipart.multipart:Calling on_field_start with no data
DEBUG:multipart.multipart:Calling on_field_name with data[0:10]
DEBUG:multipart.multipart:Calling on_field_data with data[11:19]
DEBUG:multipart.multipart:Calling on_field_end with no data
DEBUG:multipart.multipart:Calling on_field_start with no data
DEBUG:multipart.multipart:Calling on_field_name with data[20:28]
DEBUG:multipart.multipart:Calling on_field_data with data[29:54]
DEBUG:multipart.multipart:Calling on_field_end with no data
DEBUG:multipart.multipart:Calling on_field_start with no data
DEBUG:multipart.multipart:Calling on_field_name with data[55:63]
DEBUG:multipart.multipart:Calling on_field_data with data[64:72]
DEBUG:multipart.multipart:Calling on_field_end with no data
DEBUG:multipart.multipart:Calling on_end with no data
DEBUG:multipart.multipart:Calling on_field_start with no data
DEBUG:multipart.multipart:Calling on_field_name with data[0:10]
DEBUG:multipart.multipart:Calling on_field_data with data[11:19]
DEBUG:multipart.multipart:Calling on_field_end with no data
DEBUG:multipart.multipart:Calling on_field_start with no data
DEBUG:multipart.multipart:Calling on_field_name with data[20:28]
DEBUG:multipart.multipart:Calling on_field_data with data[29:54]
DEBUG:multipart.multipart:Calling on_field_end with no data
DEBUG:multipart.multipart:Calling on_field_start with no data
DEBUG:multipart.multipart:Calling on_field_name with data[55:63]
DEBUG:multipart.multipart:Calling on_field_data with data[64:72]
DEBUG:multipart.multipart:Calling on_field_end with no data
DEBUG:multipart.multipart:Calling on_end with no data
DEBUG:passlib.handlers.bcrypt:detected 'bcrypt' backend, version '4.0.1'
DEBUG:passlib.handlers.bcrypt:'bcrypt' backend lacks $2$ support, enabling workaround
DEBUG:multipart.multipart:Calling on_field_start with no data
DEBUG:multipart.multipart:Calling on_field_name with data[0:10]
DEBUG:multipart.multipart:Calling on_field_data with data[11:19]
DEBUG:multipart.multipart:Calling on_field_end with no data
DEBUG:multipart.multipart:Calling on_field_start with no data
DEBUG:multipart.multipart:Calling on_field_name with data[20:28]
DEBUG:multipart.multipart:Calling on_field_data with data[29:54]
DEBUG:multipart.multipart:Calling on_field_end with no data
DEBUG:multipart.multipart:Calling on_field_start with no data
DEBUG:multipart.multipart:Calling on_field_name with data[55:63]
DEBUG:multipart.multipart:Calling on_field_data with data[64:72]
DEBUG:multipart.multipart:Calling on_field_end with no data
DEBUG:multipart.multipart:Calling on_end with no data
DEBUG:multipart.multipart:Calling on_field_start with no data
DEBUG:multipart.multipart:Calling on_field_name with data[0:10]
DEBUG:multipart.multipart:Calling on_field_data with data[11:19]
DEBUG:multipart.multipart:Calling on_field_end with no data
DEBUG:multipart.multipart:Calling on_field_start with no data
DEBUG:multipart.multipart:Calling on_field_name with data[20:28]
DEBUG:multipart.multipart:Calling on_field_data with data[29:54]
DEBUG:multipart.multipart:Calling on_field_end with no data
DEBUG:multipart.multipart:Calling on_field_start with no data
DEBUG:multipart.multipart:Calling on_field_name with data[55:63]
DEBUG:multipart.multipart:Calling on_field_data with data[64:72]
DEBUG:multipart.multipart:Calling on_field_end with no data
DEBUG:multipart.multipart:Calling on_end with no data
DEBUG:multipart.multipart:Calling on_field_start with no data
DEBUG:multipart.multipart:Calling on_field_name with data[0:10]
DEBUG:multipart.multipart:Calling on_field_data with data[11:19]
DEBUG:multipart.multipart:Calling on_field_end with no data
DEBUG:multipart.multipart:Calling on_field_start with no data
DEBUG:multipart.multipart:Calling on_field_name with data[20:28]
DEBUG:multipart.multipart:Calling on_field_data with data[29:54]
DEBUG:multipart.multipart:Calling on_field_end with no data
DEBUG:multipart.multipart:Calling on_field_start with no data
DEBUG:multipart.multipart:Calling on_field_name with data[55:63]
DEBUG:multipart.multipart:Calling on_field_data with data[64:72]
DEBUG:multipart.multipart:Calling on_field_end with no data
DEBUG:multipart.multipart:Calling on_end with no data
DEBUG:passlib.handlers.bcrypt:detected 'bcrypt' backend, version '4.0.1'
DEBUG:passlib.handlers.bcrypt:'bcrypt' backend lacks $2$ support, enabling workaround
DEBUG:multipart.multipart:Calling on_part_begin with no data
DEBUG:multipart.multipart:Calling on_header_field with data[42:61]
DEBUG:multipart.multipart:Calling on_header_value with data[63:108]
DEBUG:multipart.multipart:Calling on_header_end with no data
DEBUG:multipart.multipart:Calling on_header_field with data[110:122]
DEBUG:multipart.multipart:Calling on_header_value with data[124:134]
DEBUG:multipart.multipart:Calling on_header_end with no data
DEBUG:multipart.multipart:Calling on_headers_finished with no data
DEBUG:multipart.multipart:Calling on_part_data with data[138:27315]
DEBUG:multipart.multipart:Calling on_part_data with data[0:1]
DEBUG:multipart.multipart:Calling on_part_data with data[27316:46445]
DEBUG:multipart.multipart:Calling on_part_data with data[0:1]
DEBUG:multipart.multipart:Calling on_part_data with data[46446:74752]
DEBUG:multipart.multipart:Calling on_part_data with data[0:1]
DEBUG:multipart.multipart:Calling on_part_data with data[74753:147404]
DEBUG:multipart.multipart:Calling on_part_data with data[0:17108]
DEBUG:multipart.multipart:Calling on_part_data with data[0:1]
DEBUG:multipart.multipart:Calling on_part_data with data[17109:37508]
DEBUG:multipart.multipart:Calling on_part_data with data[0:1]
DEBUG:multipart.multipart:Calling on_part_data with data[37509:79064]
DEBUG:multipart.multipart:Calling on_part_data with data[0:1]
DEBUG:multipart.multipart:Calling on_part_data with data[79065:102313]
DEBUG:multipart.multipart:Calling on_part_data with data[0:1]
DEBUG:multipart.multipart:Calling on_part_data with data[102314:114740]
DEBUG:multipart.multipart:Calling on_part_data with data[0:25785]
DEBUG:multipart.multipart:Calling on_part_data with data[0:1]
DEBUG:multipart.multipart:Calling on_part_data with data[25786:69513]
DEBUG:multipart.multipart:Calling on_part_data with data[0:1]
DEBUG:multipart.multipart:Calling on_part_data with data[69514:89304]
DEBUG:multipart.multipart:Calling on_part_data with data[0:1]
DEBUG:multipart.multipart:Calling on_part_data with data[89305:154661]
DEBUG:multipart.multipart:Calling on_part_data with data[0:1]
DEBUG:multipart.multipart:Calling on_part_data with data[154662:202989]
DEBUG:multipart.multipart:Calling on_part_data with data[0:1]
DEBUG:multipart.multipart:Calling on_part_data with data[202990:203579]
DEBUG:multipart.multipart:Calling on_part_data with data[0:1]
DEBUG:multipart.multipart:Calling on_part_data with data[203580:205644]
DEBUG:multipart.multipart:Calling on_part_data with data[0:1]
DEBUG:multipart.multipart:Calling on_part_data with data[205645:256000]
DEBUG:multipart.multipart:Calling on_part_data with data[0:59162]
DEBUG:multipart.multipart:Calling on_part_end with no data
DEBUG:multipart.multipart:Calling on_end with no data
DEBUG:parso.cache:pickle loaded: /Users/emmanuelsantos/.virtualenvs/mp3_transcriber/lib/python3.10/site-packages/jedi/third_party/typeshed/stdlib/3/builtins.pyi
DEBUG:parso.python.diff:diff parser start
DEBUG:parso.python.diff:line_lengths old: 1; new: 1
DEBUG:parso.python.diff:-> code[replace] old[1:1] new[1:1]
DEBUG:parso.python.diff:parse_part from 1 to 1 (to 0 in part parser)
DEBUG:parso.python.diff:diff parser end
DEBUG:parso.cache:pickle loaded: /Users/emmanuelsantos/.virtualenvs/mp3_transcriber/lib/python3.10/site-packages/jedi/third_party/typeshed/stdlib/3/sys.pyi
DEBUG:parso.python.diff:diff parser start
DEBUG:parso.python.diff:line_lengths old: 1; new: 1
DEBUG:parso.python.diff:-> code[replace] old[1:1] new[1:1]
DEBUG:parso.python.diff:parse_part from 1 to 1 (to 0 in part parser)
DEBUG:parso.python.diff:diff parser end
DEBUG:multipart.multipart:Calling on_part_begin with no data
DEBUG:multipart.multipart:Calling on_header_field with data[42:61]
DEBUG:multipart.multipart:Calling on_header_value with data[63:108]
DEBUG:multipart.multipart:Calling on_header_end with no data
DEBUG:multipart.multipart:Calling on_header_field with data[110:122]
DEBUG:multipart.multipart:Calling on_header_value with data[124:134]
DEBUG:multipart.multipart:Calling on_header_end with no data
DEBUG:multipart.multipart:Calling on_headers_finished with no data
DEBUG:multipart.multipart:Calling on_part_data with data[138:69476]
DEBUG:multipart.multipart:Calling on_part_data with data[0:1]
DEBUG:multipart.multipart:Calling on_part_data with data[69477:137632]
DEBUG:multipart.multipart:Calling on_part_data with data[0:1]
DEBUG:multipart.multipart:Calling on_part_data with data[137633:139525]
DEBUG:multipart.multipart:Calling on_part_data with data[0:1]
DEBUG:multipart.multipart:Calling on_part_data with data[139526:206387]
DEBUG:multipart.multipart:Calling on_part_data with data[0:1]
DEBUG:multipart.multipart:Calling on_part_data with data[206388:215392]
DEBUG:multipart.multipart:Calling on_part_data with data[0:1]
DEBUG:multipart.multipart:Calling on_part_data with data[215393:229376]
DEBUG:multipart.multipart:Calling on_part_data with data[0:12106]
DEBUG:multipart.multipart:Calling on_part_data with data[0:1]
DEBUG:multipart.multipart:Calling on_part_data with data[12107:61136]
DEBUG:multipart.multipart:Calling on_part_data with data[0:1]
DEBUG:multipart.multipart:Calling on_part_data with data[61137:67448]
DEBUG:multipart.multipart:Calling on_part_data with data[0:1]
DEBUG:multipart.multipart:Calling on_part_data with data[67449:107207]
DEBUG:multipart.multipart:Calling on_part_data with data[0:1]
DEBUG:multipart.multipart:Calling on_part_data with data[107208:168656]
DEBUG:multipart.multipart:Calling on_part_data with data[0:1]
DEBUG:multipart.multipart:Calling on_part_data with data[168657:178008]
DEBUG:multipart.multipart:Calling on_part_data with data[0:1]
DEBUG:multipart.multipart:Calling on_part_data with data[178009:229376]
DEBUG:multipart.multipart:Calling on_part_data with data[0:31680]
DEBUG:multipart.multipart:Calling on_part_data with data[0:1]
DEBUG:multipart.multipart:Calling on_part_data with data[31681:110880]
DEBUG:multipart.multipart:Calling on_part_data with data[0:1]
DEBUG:multipart.multipart:Calling on_part_data with data[110881:118554]
DEBUG:multipart.multipart:Calling on_part_end with no data
DEBUG:multipart.multipart:Calling on_end with no data
DEBUG:parso.cache:pickle loaded: /Users/emmanuelsantos/.virtualenvs/mp3_transcriber/lib/python3.10/site-packages/jedi/third_party/typeshed/stdlib/3/builtins.pyi
DEBUG:parso.cache:pickle loaded: /Users/emmanuelsantos/.virtualenvs/mp3_transcriber/lib/python3.10/site-packages/jedi/third_party/typeshed/stdlib/3/sys.pyi
DEBUG:parso.python.diff:diff parser start
DEBUG:parso.python.diff:line_lengths old: 1; new: 1
DEBUG:parso.python.diff:-> code[replace] old[1:1] new[1:1]
DEBUG:parso.python.diff:parse_part from 1 to 1 (to 0 in part parser)
DEBUG:parso.python.diff:diff parser end
DEBUG:parso.python.diff:diff parser start
DEBUG:parso.python.diff:line_lengths old: 1; new: 1
DEBUG:parso.python.diff:-> code[replace] old[1:1] new[1:1]
DEBUG:parso.python.diff:parse_part from 1 to 1 (to 0 in part parser)
DEBUG:parso.python.diff:diff parser end
DEBUG:parso.python.diff:diff parser start
DEBUG:parso.python.diff:line_lengths old: 1; new: 1
DEBUG:parso.python.diff:-> code[replace] old[1:1] new[1:1]
DEBUG:parso.python.diff:parse_part from 1 to 1 (to 0 in part parser)
DEBUG:parso.python.diff:diff parser end
DEBUG:multipart.multipart:Calling on_part_begin with no data
DEBUG:multipart.multipart:Calling on_header_field with data[42:61]
DEBUG:multipart.multipart:Calling on_header_value with data[63:108]
DEBUG:multipart.multipart:Calling on_header_end with no data
DEBUG:multipart.multipart:Calling on_header_field with data[110:122]
DEBUG:multipart.multipart:Calling on_header_value with data[124:134]
DEBUG:multipart.multipart:Calling on_header_end with no data
DEBUG:multipart.multipart:Calling on_headers_finished with no data
DEBUG:multipart.multipart:Calling on_part_data with data[138:252845]
DEBUG:multipart.multipart:Calling on_part_data with data[0:1]
DEBUG:multipart.multipart:Calling on_part_data with data[252846:256000]
DEBUG:multipart.multipart:Calling on_part_data with data[0:61107]
DEBUG:multipart.multipart:Calling on_part_data with data[0:1]
DEBUG:multipart.multipart:Calling on_part_data with data[61108:77149]
DEBUG:multipart.multipart:Calling on_part_data with data[0:1]
DEBUG:multipart.multipart:Calling on_part_data with data[77150:112032]
DEBUG:multipart.multipart:Calling on_part_data with data[0:1]
DEBUG:multipart.multipart:Calling on_part_data with data[112033:137335]
DEBUG:multipart.multipart:Calling on_part_data with data[0:1]
DEBUG:multipart.multipart:Calling on_part_data with data[137336:138685]
DEBUG:multipart.multipart:Calling on_part_data with data[0:1]
DEBUG:multipart.multipart:Calling on_part_data with data[138686:158540]
DEBUG:multipart.multipart:Calling on_part_data with data[0:1]
DEBUG:multipart.multipart:Calling on_part_data with data[158541:174767]
DEBUG:multipart.multipart:Calling on_part_data with data[0:1]
DEBUG:multipart.multipart:Calling on_part_data with data[174768:198347]
DEBUG:multipart.multipart:Calling on_part_data with data[0:1]
DEBUG:multipart.multipart:Calling on_part_data with data[198348:209133]
DEBUG:multipart.multipart:Calling on_part_data with data[0:1]
DEBUG:multipart.multipart:Calling on_part_data with data[209134:255975]
DEBUG:multipart.multipart:Calling on_part_data with data[0:1]
DEBUG:multipart.multipart:Calling on_part_data with data[255976:256000]
DEBUG:multipart.multipart:Calling on_part_data with data[0:23662]
DEBUG:multipart.multipart:Calling on_part_data with data[0:1]
DEBUG:multipart.multipart:Calling on_part_data with data[23663:65306]
DEBUG:multipart.multipart:Calling on_part_end with no data
DEBUG:multipart.multipart:Calling on_end with no data
DEBUG:pydub.converter:subprocess.call(['ffmpeg', '-y', '-f', 'mp3', '-i', 'audio2.mp3', '-acodec', 'pcm_s16le', '-vn', '-f', 'wav', '-'])
DEBUG:urllib3.connectionpool:Starting new HTTPS connection (1): huggingface.co:443
DEBUG:urllib3.connectionpool:https://huggingface.co:443 "HEAD /distilbert-base-uncased-finetuned-sst-2-english/resolve/main/config.json HTTP/1.1" 200 0
DEBUG:multipart.multipart:Calling on_part_begin with no data
DEBUG:multipart.multipart:Calling on_header_field with data[42:61]
DEBUG:multipart.multipart:Calling on_header_value with data[63:108]
DEBUG:multipart.multipart:Calling on_header_end with no data
DEBUG:multipart.multipart:Calling on_header_field with data[110:122]
DEBUG:multipart.multipart:Calling on_header_value with data[124:134]
DEBUG:multipart.multipart:Calling on_header_end with no data
DEBUG:multipart.multipart:Calling on_headers_finished with no data
DEBUG:multipart.multipart:Calling on_part_data with data[138:20618]
DEBUG:multipart.multipart:Calling on_part_data with data[0:1]
DEBUG:multipart.multipart:Calling on_part_data with data[20619:74752]
DEBUG:multipart.multipart:Calling on_part_data with data[0:1]
DEBUG:multipart.multipart:Calling on_part_data with data[74753:98852]
DEBUG:multipart.multipart:Calling on_part_data with data[0:1]
DEBUG:multipart.multipart:Calling on_part_data with data[98853:140366]
DEBUG:multipart.multipart:Calling on_part_data with data[0:1]
DEBUG:multipart.multipart:Calling on_part_data with data[140367:160925]
DEBUG:multipart.multipart:Calling on_part_data with data[0:1]
DEBUG:multipart.multipart:Calling on_part_data with data[160926:196930]
DEBUG:multipart.multipart:Calling on_part_data with data[0:1]
DEBUG:multipart.multipart:Calling on_part_data with data[196931:200004]
DEBUG:multipart.multipart:Calling on_part_data with data[0:1]
DEBUG:multipart.multipart:Calling on_part_data with data[200005:212992]
DEBUG:multipart.multipart:Calling on_part_data with data[0:124080]
DEBUG:multipart.multipart:Calling on_part_data with data[0:1]
DEBUG:multipart.multipart:Calling on_part_data with data[124081:180224]
DEBUG:multipart.multipart:Calling on_part_data with data[0:30736]
DEBUG:multipart.multipart:Calling on_part_data with data[0:1]
DEBUG:multipart.multipart:Calling on_part_data with data[30737:61425]
DEBUG:multipart.multipart:Calling on_part_data with data[0:1]
DEBUG:multipart.multipart:Calling on_part_data with data[61426:97216]
DEBUG:multipart.multipart:Calling on_part_data with data[0:1]
DEBUG:multipart.multipart:Calling on_part_data with data[97217:104630]
DEBUG:multipart.multipart:Calling on_part_data with data[0:1]
DEBUG:multipart.multipart:Calling on_part_data with data[104631:110240]
DEBUG:multipart.multipart:Calling on_part_data with data[0:1]
DEBUG:multipart.multipart:Calling on_part_data with data[110241:118706]
DEBUG:multipart.multipart:Calling on_part_data with data[0:1]
DEBUG:multipart.multipart:Calling on_part_data with data[118707:184090]
DEBUG:multipart.multipart:Calling on_part_end with no data
DEBUG:multipart.multipart:Calling on_end with no data
DEBUG:pydub.converter:subprocess.call(['ffmpeg', '-y', '-f', 'mp3', '-i', 'audio2.mp3', '-acodec', 'pcm_s16le', '-vn', '-f', 'wav', '-'])
DEBUG:urllib3.connectionpool:Starting new HTTPS connection (1): huggingface.co:443
DEBUG:urllib3.connectionpool:https://huggingface.co:443 "HEAD /distilbert-base-uncased-finetuned-sst-2-english/resolve/main/config.json HTTP/1.1" 200 0
DEBUG:multipart.multipart:Calling on_field_start with no data
DEBUG:multipart.multipart:Calling on_field_name with data[0:4]
DEBUG:multipart.multipart:Calling on_field_data with data[5:13]
DEBUG:multipart.multipart:Calling on_field_end with no data
DEBUG:multipart.multipart:Calling on_field_start with no data
DEBUG:multipart.multipart:Calling on_field_name with data[14:23]
DEBUG:multipart.multipart:Calling on_field_data with data[24:30]
DEBUG:multipart.multipart:Calling on_field_end with no data
DEBUG:multipart.multipart:Calling on_field_start with no data
DEBUG:multipart.multipart:Calling on_field_name with data[31:36]
DEBUG:multipart.multipart:Calling on_field_data with data[37:62]
DEBUG:multipart.multipart:Calling on_field_end with no data
DEBUG:multipart.multipart:Calling on_field_start with no data
DEBUG:multipart.multipart:Calling on_field_name with data[63:71]
DEBUG:multipart.multipart:Calling on_field_data with data[72:80]
DEBUG:multipart.multipart:Calling on_field_end with no data
DEBUG:multipart.multipart:Calling on_end with no data
DEBUG:passlib.handlers.bcrypt:detected 'bcrypt' backend, version '4.0.1'
DEBUG:passlib.handlers.bcrypt:'bcrypt' backend lacks $2$ support, enabling workaround
DEBUG:multipart.multipart:Calling on_field_start with no data
DEBUG:multipart.multipart:Calling on_field_name with data[0:10]
DEBUG:multipart.multipart:Calling on_field_data with data[11:19]
DEBUG:multipart.multipart:Calling on_field_end with no data
DEBUG:multipart.multipart:Calling on_field_start with no data
DEBUG:multipart.multipart:Calling on_field_name with data[20:28]
DEBUG:multipart.multipart:Calling on_field_data with data[29:54]
DEBUG:multipart.multipart:Calling on_field_end with no data
DEBUG:multipart.multipart:Calling on_field_start with no data
DEBUG:multipart.multipart:Calling on_field_name with data[55:63]
DEBUG:multipart.multipart:Calling on_field_data with data[64:72]
DEBUG:multipart.multipart:Calling on_field_end with no data
DEBUG:multipart.multipart:Calling on_end with no data
DEBUG:multipart.multipart:Calling on_part_begin with no data
DEBUG:multipart.multipart:Calling on_header_field with data[42:61]
DEBUG:multipart.multipart:Calling on_header_value with data[63:108]
DEBUG:multipart.multipart:Calling on_header_end with no data
DEBUG:multipart.multipart:Calling on_header_field with data[110:122]
DEBUG:multipart.multipart:Calling on_header_value with data[124:134]
DEBUG:multipart.multipart:Calling on_header_end with no data
DEBUG:multipart.multipart:Calling on_headers_finished with no data
DEBUG:multipart.multipart:Calling on_part_data with data[138:32768]
DEBUG:multipart.multipart:Calling on_part_data with data[0:32768]
DEBUG:multipart.multipart:Calling on_part_data with data[0:20029]
DEBUG:multipart.multipart:Calling on_part_data with data[0:1]
DEBUG:multipart.multipart:Calling on_part_data with data[20030:80803]
DEBUG:multipart.multipart:Calling on_part_data with data[0:1]
DEBUG:multipart.multipart:Calling on_part_data with data[80804:85735]
DEBUG:multipart.multipart:Calling on_part_data with data[0:1]
DEBUG:multipart.multipart:Calling on_part_data with data[85736:114688]
DEBUG:multipart.multipart:Calling on_part_data with data[0:121077]
DEBUG:multipart.multipart:Calling on_part_data with data[0:1]
DEBUG:multipart.multipart:Calling on_part_data with data[121078:156848]
DEBUG:multipart.multipart:Calling on_part_data with data[0:1]
DEBUG:multipart.multipart:Calling on_part_data with data[156849:163840]
DEBUG:multipart.multipart:Calling on_part_data with data[0:44776]
DEBUG:multipart.multipart:Calling on_part_data with data[0:1]
DEBUG:multipart.multipart:Calling on_part_data with data[44777:106375]
DEBUG:multipart.multipart:Calling on_part_data with data[0:1]
DEBUG:multipart.multipart:Calling on_part_data with data[106376:152381]
DEBUG:multipart.multipart:Calling on_part_data with data[0:1]
DEBUG:multipart.multipart:Calling on_part_data with data[152382:233242]
DEBUG:multipart.multipart:Calling on_part_end with no data
DEBUG:multipart.multipart:Calling on_end with no data
DEBUG:pydub.converter:subprocess.call(['ffmpeg', '-y', '-f', 'mp3', '-i', 'audio2.mp3', '-acodec', 'pcm_s16le', '-vn', '-f', 'wav', '-'])
DEBUG:urllib3.connectionpool:Starting new HTTPS connection (1): huggingface.co:443
DEBUG:urllib3.connectionpool:https://huggingface.co:443 "HEAD /distilbert-base-uncased-finetuned-sst-2-english/resolve/main/config.json HTTP/1.1" 200 0
DEBUG:multipart.multipart:Calling on_field_start with no data
DEBUG:multipart.multipart:Calling on_field_name with data[0:10]
DEBUG:multipart.multipart:Calling on_field_data with data[11:19]
DEBUG:multipart.multipart:Calling on_field_end with no data
DEBUG:multipart.multipart:Calling on_field_start with no data
DEBUG:multipart.multipart:Calling on_field_name with data[20:28]
DEBUG:multipart.multipart:Calling on_field_data with data[29:54]
DEBUG:multipart.multipart:Calling on_field_end with no data
DEBUG:multipart.multipart:Calling on_field_start with no data
DEBUG:multipart.multipart:Calling on_field_name with data[55:63]
DEBUG:multipart.multipart:Calling on_field_data with data[64:72]
DEBUG:multipart.multipart:Calling on_field_end with no data
DEBUG:multipart.multipart:Calling on_end with no data
DEBUG:passlib.handlers.bcrypt:detected 'bcrypt' backend, version '4.0.1'
DEBUG:passlib.handlers.bcrypt:'bcrypt' backend lacks $2$ support, enabling workaround
DEBUG:multipart.multipart:Calling on_part_begin with no data
DEBUG:multipart.multipart:Calling on_header_field with data[42:61]
DEBUG:multipart.multipart:Calling on_header_value with data[63:108]
DEBUG:multipart.multipart:Calling on_header_end with no data
DEBUG:multipart.multipart:Calling on_header_field with data[110:122]
DEBUG:multipart.multipart:Calling on_header_value with data[124:134]
DEBUG:multipart.multipart:Calling on_header_end with no data
DEBUG:multipart.multipart:Calling on_headers_finished with no data
DEBUG:multipart.multipart:Calling on_part_data with data[138:46228]
DEBUG:multipart.multipart:Calling on_part_data with data[0:1]
DEBUG:multipart.multipart:Calling on_part_data with data[46229:49152]
DEBUG:multipart.multipart:Calling on_part_data with data[0:16384]
DEBUG:multipart.multipart:Calling on_part_data with data[0:114688]
DEBUG:multipart.multipart:Calling on_part_data with data[0:69761]
DEBUG:multipart.multipart:Calling on_part_data with data[0:1]
DEBUG:multipart.multipart:Calling on_part_data with data[69762:110288]
DEBUG:multipart.multipart:Calling on_part_data with data[0:1]
DEBUG:multipart.multipart:Calling on_part_data with data[110289:114688]
DEBUG:multipart.multipart:Calling on_part_data with data[0:2061]
DEBUG:multipart.multipart:Calling on_part_data with data[0:1]
DEBUG:multipart.multipart:Calling on_part_data with data[2062:75760]
DEBUG:multipart.multipart:Calling on_part_data with data[0:1]
DEBUG:multipart.multipart:Calling on_part_data with data[75761:135855]
DEBUG:multipart.multipart:Calling on_part_data with data[0:1]
DEBUG:multipart.multipart:Calling on_part_data with data[135856:141253]
DEBUG:multipart.multipart:Calling on_part_data with data[0:1]
DEBUG:multipart.multipart:Calling on_part_data with data[141254:170221]
DEBUG:multipart.multipart:Calling on_part_data with data[0:1]
DEBUG:multipart.multipart:Calling on_part_data with data[170222:172876]
DEBUG:multipart.multipart:Calling on_part_data with data[0:1]
DEBUG:multipart.multipart:Calling on_part_data with data[172877:201533]
DEBUG:multipart.multipart:Calling on_part_data with data[0:1]
DEBUG:multipart.multipart:Calling on_part_data with data[201534:229360]
DEBUG:multipart.multipart:Calling on_part_data with data[0:1]
DEBUG:multipart.multipart:Calling on_part_data with data[229361:229376]
DEBUG:multipart.multipart:Calling on_part_data with data[0:53018]
DEBUG:multipart.multipart:Calling on_part_end with no data
DEBUG:multipart.multipart:Calling on_end with no data
DEBUG:pydub.converter:subprocess.call(['ffmpeg', '-y', '-f', 'mp3', '-i', 'audio2.mp3', '-acodec', 'pcm_s16le', '-vn', '-f', 'wav', '-'])
DEBUG:urllib3.connectionpool:Starting new HTTPS connection (1): huggingface.co:443
DEBUG:urllib3.connectionpool:https://huggingface.co:443 "HEAD /distilbert-base-uncased-finetuned-sst-2-english/resolve/main/config.json HTTP/1.1" 200 0
DEBUG:multipart.multipart:Calling on_field_start with no data
DEBUG:multipart.multipart:Calling on_field_name with data[0:4]
DEBUG:multipart.multipart:Calling on_field_data with data[5:13]
DEBUG:multipart.multipart:Calling on_field_end with no data
DEBUG:multipart.multipart:Calling on_field_start with no data
DEBUG:multipart.multipart:Calling on_field_name with data[14:23]
DEBUG:multipart.multipart:Calling on_field_data with data[24:30]
DEBUG:multipart.multipart:Calling on_field_end with no data
DEBUG:multipart.multipart:Calling on_field_start with no data
DEBUG:multipart.multipart:Calling on_field_name with data[31:36]
DEBUG:multipart.multipart:Calling on_field_data with data[37:62]
DEBUG:multipart.multipart:Calling on_field_end with no data
DEBUG:multipart.multipart:Calling on_field_start with no data
DEBUG:multipart.multipart:Calling on_field_name with data[63:71]
DEBUG:multipart.multipart:Calling on_field_data with data[72:80]
DEBUG:multipart.multipart:Calling on_field_end with no data
DEBUG:multipart.multipart:Calling on_end with no data
DEBUG:passlib.handlers.bcrypt:detected 'bcrypt' backend, version '4.0.1'
DEBUG:passlib.handlers.bcrypt:'bcrypt' backend lacks $2$ support, enabling workaround
DEBUG:multipart.multipart:Calling on_field_start with no data
DEBUG:multipart.multipart:Calling on_field_name with data[0:10]
DEBUG:multipart.multipart:Calling on_field_data with data[11:19]
DEBUG:multipart.multipart:Calling on_field_end with no data
DEBUG:multipart.multipart:Calling on_field_start with no data
DEBUG:multipart.multipart:Calling on_field_name with data[20:28]
DEBUG:multipart.multipart:Calling on_field_data with data[29:54]
DEBUG:multipart.multipart:Calling on_field_end with no data
DEBUG:multipart.multipart:Calling on_field_start with no data
DEBUG:multipart.multipart:Calling on_field_name with data[55:63]
DEBUG:multipart.multipart:Calling on_field_data with data[64:72]
DEBUG:multipart.multipart:Calling on_field_end with no data
DEBUG:multipart.multipart:Calling on_end with no data
DEBUG:multipart.multipart:Calling on_part_begin with no data
DEBUG:multipart.multipart:Calling on_header_field with data[42:61]
DEBUG:multipart.multipart:Calling on_header_value with data[63:108]
DEBUG:multipart.multipart:Calling on_header_end with no data
DEBUG:multipart.multipart:Calling on_header_field with data[110:122]
DEBUG:multipart.multipart:Calling on_header_value with data[124:134]
DEBUG:multipart.multipart:Calling on_header_end with no data
DEBUG:multipart.multipart:Calling on_headers_finished with no data
DEBUG:multipart.multipart:Calling on_part_data with data[138:115376]
DEBUG:multipart.multipart:Calling on_part_data with data[0:1]
DEBUG:multipart.multipart:Calling on_part_data with data[115377:196930]
DEBUG:multipart.multipart:Calling on_part_data with data[0:1]
DEBUG:multipart.multipart:Calling on_part_data with data[196931:199757]
DEBUG:multipart.multipart:Calling on_part_data with data[0:1]
DEBUG:multipart.multipart:Calling on_part_data with data[199758:207005]
DEBUG:multipart.multipart:Calling on_part_data with data[0:1]
DEBUG:multipart.multipart:Calling on_part_data with data[207006:270909]
DEBUG:multipart.multipart:Calling on_part_data with data[0:1]
DEBUG:multipart.multipart:Calling on_part_data with data[270910:282759]
DEBUG:multipart.multipart:Calling on_part_data with data[0:1]
DEBUG:multipart.multipart:Calling on_part_data with data[282760:305152]
DEBUG:multipart.multipart:Calling on_part_data with data[0:2400]
DEBUG:multipart.multipart:Calling on_part_data with data[0:1]
DEBUG:multipart.multipart:Calling on_part_data with data[2401:17531]
DEBUG:multipart.multipart:Calling on_part_data with data[0:1]
DEBUG:multipart.multipart:Calling on_part_data with data[17532:28305]
DEBUG:multipart.multipart:Calling on_part_data with data[0:1]
DEBUG:multipart.multipart:Calling on_part_data with data[28306:29697]
DEBUG:multipart.multipart:Calling on_part_data with data[0:1]
DEBUG:multipart.multipart:Calling on_part_data with data[29698:44242]
DEBUG:multipart.multipart:Calling on_part_data with data[0:1]
DEBUG:multipart.multipart:Calling on_part_data with data[44243:72726]
DEBUG:multipart.multipart:Calling on_part_data with data[0:1]
DEBUG:multipart.multipart:Calling on_part_data with data[72727:106358]
DEBUG:multipart.multipart:Calling on_part_data with data[0:1]
DEBUG:multipart.multipart:Calling on_part_data with data[106359:149520]
DEBUG:multipart.multipart:Calling on_part_data with data[0:1]
DEBUG:multipart.multipart:Calling on_part_data with data[149521:227280]
DEBUG:multipart.multipart:Calling on_part_data with data[0:1]
DEBUG:multipart.multipart:Calling on_part_data with data[227281:256000]
DEBUG:multipart.multipart:Calling on_part_data with data[0:16154]
DEBUG:multipart.multipart:Calling on_part_end with no data
DEBUG:multipart.multipart:Calling on_end with no data
DEBUG:pydub.converter:subprocess.call(['ffmpeg', '-y', '-f', 'mp3', '-i', 'audio2.mp3', '-acodec', 'pcm_s16le', '-vn', '-f', 'wav', '-'])
DEBUG:multipart.multipart:Calling on_part_begin with no data
DEBUG:multipart.multipart:Calling on_header_field with data[42:61]
DEBUG:multipart.multipart:Calling on_header_value with data[63:107]
DEBUG:multipart.multipart:Calling on_header_end with no data
DEBUG:multipart.multipart:Calling on_header_field with data[109:121]
DEBUG:multipart.multipart:Calling on_header_value with data[123:133]
DEBUG:multipart.multipart:Calling on_header_end with no data
DEBUG:multipart.multipart:Calling on_headers_finished with no data
DEBUG:multipart.multipart:Calling on_part_data with data[137:114688]
DEBUG:multipart.multipart:Calling on_part_data with data[0:1219]
DEBUG:multipart.multipart:Calling on_part_data with data[0:1]
DEBUG:multipart.multipart:Calling on_part_data with data[1220:22781]
DEBUG:multipart.multipart:Calling on_part_data with data[0:1]
DEBUG:multipart.multipart:Calling on_part_data with data[22782:63543]
DEBUG:multipart.multipart:Calling on_part_data with data[0:1]
DEBUG:multipart.multipart:Calling on_part_data with data[63544:131072]
DEBUG:multipart.multipart:Calling on_part_data with data[0:141437]
DEBUG:multipart.multipart:Calling on_part_data with data[0:1]
DEBUG:multipart.multipart:Calling on_part_data with data[141438:180886]
DEBUG:multipart.multipart:Calling on_part_data with data[0:1]
DEBUG:multipart.multipart:Calling on_part_data with data[180887:256000]
DEBUG:multipart.multipart:Calling on_part_data with data[0:219857]
DEBUG:multipart.multipart:Calling on_part_data with data[0:1]
DEBUG:multipart.multipart:Calling on_part_data with data[219858:255994]
DEBUG:multipart.multipart:Calling on_part_data with data[0:1]
DEBUG:multipart.multipart:Calling on_part_data with data[255995:256000]
DEBUG:multipart.multipart:Calling on_part_data with data[0:33826]
DEBUG:multipart.multipart:Calling on_part_data with data[0:1]
DEBUG:multipart.multipart:Calling on_part_data with data[33827:172335]
DEBUG:multipart.multipart:Calling on_part_data with data[0:1]
DEBUG:multipart.multipart:Calling on_part_data with data[172336:256000]
DEBUG:multipart.multipart:Calling on_part_data with data[0:31509]
DEBUG:multipart.multipart:Calling on_part_data with data[0:1]
DEBUG:multipart.multipart:Calling on_part_data with data[31510:256000]
DEBUG:multipart.multipart:Calling on_part_data with data[0:71864]
DEBUG:multipart.multipart:Calling on_part_data with data[0:1]
DEBUG:multipart.multipart:Calling on_part_data with data[71865:256000]
DEBUG:multipart.multipart:Calling on_part_data with data[0:73315]
DEBUG:multipart.multipart:Calling on_part_data with data[0:1]
DEBUG:multipart.multipart:Calling on_part_data with data[73316:89457]
DEBUG:multipart.multipart:Calling on_part_data with data[0:1]
DEBUG:multipart.multipart:Calling on_part_data with data[89458:256000]
DEBUG:multipart.multipart:Calling on_part_data with data[0:52563]
DEBUG:multipart.multipart:Calling on_part_data with data[0:1]
DEBUG:multipart.multipart:Calling on_part_data with data[52564:91778]
DEBUG:multipart.multipart:Calling on_part_data with data[0:1]
DEBUG:multipart.multipart:Calling on_part_data with data[91779:178244]
DEBUG:multipart.multipart:Calling on_part_data with data[0:1]
DEBUG:multipart.multipart:Calling on_part_data with data[178245:225832]
DEBUG:multipart.multipart:Calling on_part_data with data[0:1]
DEBUG:multipart.multipart:Calling on_part_data with data[225833:234762]
DEBUG:multipart.multipart:Calling on_part_data with data[0:1]
DEBUG:multipart.multipart:Calling on_part_data with data[234763:250100]
DEBUG:multipart.multipart:Calling on_part_data with data[0:2]
DEBUG:multipart.multipart:Calling on_part_data with data[250102:256000]
DEBUG:multipart.multipart:Calling on_part_data with data[0:7914]
DEBUG:multipart.multipart:Calling on_part_data with data[0:1]
DEBUG:multipart.multipart:Calling on_part_data with data[7915:68281]
DEBUG:multipart.multipart:Calling on_part_data with data[0:1]
DEBUG:multipart.multipart:Calling on_part_data with data[68282:116333]
DEBUG:multipart.multipart:Calling on_part_data with data[0:1]
DEBUG:multipart.multipart:Calling on_part_data with data[116334:255963]
DEBUG:multipart.multipart:Calling on_part_data with data[0:1]
DEBUG:multipart.multipart:Calling on_part_data with data[255964:256000]
DEBUG:multipart.multipart:Calling on_part_data with data[0:7192]
DEBUG:multipart.multipart:Calling on_part_data with data[0:1]
DEBUG:multipart.multipart:Calling on_part_data with data[7193:97736]
DEBUG:multipart.multipart:Calling on_part_data with data[0:1]
DEBUG:multipart.multipart:Calling on_part_data with data[97737:153297]
DEBUG:multipart.multipart:Calling on_part_data with data[0:1]
DEBUG:multipart.multipart:Calling on_part_data with data[153298:189170]
DEBUG:multipart.multipart:Calling on_part_data with data[0:1]
DEBUG:multipart.multipart:Calling on_part_data with data[189171:230627]
DEBUG:multipart.multipart:Calling on_part_data with data[0:1]
DEBUG:multipart.multipart:Calling on_part_data with data[230628:256000]
DEBUG:multipart.multipart:Calling on_part_data with data[0:38008]
DEBUG:multipart.multipart:Calling on_part_data with data[0:1]
DEBUG:multipart.multipart:Calling on_part_data with data[38009:69100]
DEBUG:multipart.multipart:Calling on_part_data with data[0:1]
DEBUG:multipart.multipart:Calling on_part_data with data[69101:256000]
DEBUG:multipart.multipart:Calling on_part_data with data[0:171706]
DEBUG:multipart.multipart:Calling on_part_data with data[0:1]
DEBUG:multipart.multipart:Calling on_part_data with data[171707:185509]
DEBUG:multipart.multipart:Calling on_part_data with data[0:1]
DEBUG:multipart.multipart:Calling on_part_data with data[185510:256000]
DEBUG:multipart.multipart:Calling on_part_data with data[0:226851]
DEBUG:multipart.multipart:Calling on_part_data with data[0:1]
DEBUG:multipart.multipart:Calling on_part_data with data[226852:256000]
DEBUG:multipart.multipart:Calling on_part_data with data[0:155818]
DEBUG:multipart.multipart:Calling on_part_data with data[0:1]
DEBUG:multipart.multipart:Calling on_part_data with data[155819:191082]
DEBUG:multipart.multipart:Calling on_part_data with data[0:1]
DEBUG:multipart.multipart:Calling on_part_data with data[191083:216017]
DEBUG:multipart.multipart:Calling on_part_data with data[0:1]
DEBUG:multipart.multipart:Calling on_part_data with data[216018:221496]
DEBUG:multipart.multipart:Calling on_part_data with data[0:1]
DEBUG:multipart.multipart:Calling on_part_data with data[221497:247483]
DEBUG:multipart.multipart:Calling on_part_data with data[0:1]
DEBUG:multipart.multipart:Calling on_part_data with data[247484:255027]
DEBUG:multipart.multipart:Calling on_part_data with data[0:1]
DEBUG:multipart.multipart:Calling on_part_data with data[255028:256000]
DEBUG:multipart.multipart:Calling on_part_data with data[0:9311]
DEBUG:multipart.multipart:Calling on_part_data with data[0:1]
DEBUG:multipart.multipart:Calling on_part_data with data[9312:11125]
DEBUG:multipart.multipart:Calling on_part_data with data[0:1]
DEBUG:multipart.multipart:Calling on_part_data with data[11126:58647]
DEBUG:multipart.multipart:Calling on_part_data with data[0:1]
DEBUG:multipart.multipart:Calling on_part_data with data[58648:112626]
DEBUG:multipart.multipart:Calling on_part_data with data[0:1]
DEBUG:multipart.multipart:Calling on_part_data with data[112627:210163]
DEBUG:multipart.multipart:Calling on_part_data with data[0:1]
DEBUG:multipart.multipart:Calling on_part_data with data[210164:210669]
DEBUG:multipart.multipart:Calling on_part_data with data[0:1]
DEBUG:multipart.multipart:Calling on_part_data with data[210670:255863]
DEBUG:multipart.multipart:Calling on_part_data with data[0:1]
DEBUG:multipart.multipart:Calling on_part_data with data[255864:256000]
DEBUG:multipart.multipart:Calling on_part_data with data[0:139748]
DEBUG:multipart.multipart:Calling on_part_data with data[0:1]
DEBUG:multipart.multipart:Calling on_part_data with data[139749:173509]
DEBUG:multipart.multipart:Calling on_part_data with data[0:1]
DEBUG:multipart.multipart:Calling on_part_data with data[173510:256000]
DEBUG:multipart.multipart:Calling on_part_data with data[0:8431]
DEBUG:multipart.multipart:Calling on_part_data with data[0:1]
DEBUG:multipart.multipart:Calling on_part_data with data[8432:14381]
DEBUG:multipart.multipart:Calling on_part_data with data[0:1]
DEBUG:multipart.multipart:Calling on_part_data with data[14382:124900]
DEBUG:multipart.multipart:Calling on_part_data with data[0:1]
DEBUG:multipart.multipart:Calling on_part_data with data[124901:254644]
DEBUG:multipart.multipart:Calling on_part_data with data[0:1]
DEBUG:multipart.multipart:Calling on_part_data with data[254645:256000]
DEBUG:multipart.multipart:Calling on_part_data with data[0:33962]
DEBUG:multipart.multipart:Calling on_part_data with data[0:1]
DEBUG:multipart.multipart:Calling on_part_data with data[33963:34132]
DEBUG:multipart.multipart:Calling on_part_data with data[0:1]
DEBUG:multipart.multipart:Calling on_part_data with data[34133:98436]
DEBUG:multipart.multipart:Calling on_part_data with data[0:1]
DEBUG:multipart.multipart:Calling on_part_data with data[98437:122910]
DEBUG:multipart.multipart:Calling on_part_data with data[0:1]
DEBUG:multipart.multipart:Calling on_part_data with data[122911:132515]
DEBUG:multipart.multipart:Calling on_part_data with data[0:1]
DEBUG:multipart.multipart:Calling on_part_data with data[132516:167325]
DEBUG:multipart.multipart:Calling on_part_data with data[0:1]
DEBUG:multipart.multipart:Calling on_part_data with data[167326:221102]
DEBUG:multipart.multipart:Calling on_part_data with data[0:1]
DEBUG:multipart.multipart:Calling on_part_data with data[221103:256000]
DEBUG:multipart.multipart:Calling on_part_data with data[0:40149]
DEBUG:multipart.multipart:Calling on_part_data with data[0:1]
DEBUG:multipart.multipart:Calling on_part_data with data[40150:71984]
DEBUG:multipart.multipart:Calling on_part_data with data[0:1]
DEBUG:multipart.multipart:Calling on_part_data with data[71985:135884]
DEBUG:multipart.multipart:Calling on_part_data with data[0:1]
DEBUG:multipart.multipart:Calling on_part_data with data[135885:256000]
DEBUG:multipart.multipart:Calling on_part_data with data[0:100660]
DEBUG:multipart.multipart:Calling on_part_data with data[0:1]
DEBUG:multipart.multipart:Calling on_part_data with data[100661:102051]
DEBUG:multipart.multipart:Calling on_part_data with data[0:1]
DEBUG:multipart.multipart:Calling on_part_data with data[102052:149097]
DEBUG:multipart.multipart:Calling on_part_data with data[0:1]
DEBUG:multipart.multipart:Calling on_part_data with data[149098:209864]
DEBUG:multipart.multipart:Calling on_part_data with data[0:1]
DEBUG:multipart.multipart:Calling on_part_data with data[209865:255981]
DEBUG:multipart.multipart:Calling on_part_data with data[0:1]
DEBUG:multipart.multipart:Calling on_part_data with data[255982:256000]
DEBUG:multipart.multipart:Calling on_part_data with data[0:173984]
DEBUG:multipart.multipart:Calling on_part_data with data[0:1]
DEBUG:multipart.multipart:Calling on_part_data with data[173985:208921]
DEBUG:multipart.multipart:Calling on_part_data with data[0:1]
DEBUG:multipart.multipart:Calling on_part_data with data[208922:234086]
DEBUG:multipart.multipart:Calling on_part_data with data[0:1]
DEBUG:multipart.multipart:Calling on_part_data with data[234087:256000]
DEBUG:multipart.multipart:Calling on_part_data with data[0:30942]
DEBUG:multipart.multipart:Calling on_part_data with data[0:1]
DEBUG:multipart.multipart:Calling on_part_data with data[30943:256000]
DEBUG:multipart.multipart:Calling on_part_data with data[0:11924]
DEBUG:multipart.multipart:Calling on_part_data with data[0:1]
DEBUG:multipart.multipart:Calling on_part_data with data[11925:111388]
DEBUG:multipart.multipart:Calling on_part_data with data[0:1]
DEBUG:multipart.multipart:Calling on_part_data with data[111389:256000]
DEBUG:multipart.multipart:Calling on_part_data with data[0:175926]
DEBUG:multipart.multipart:Calling on_part_data with data[0:1]
DEBUG:multipart.multipart:Calling on_part_data with data[175927:217105]
DEBUG:multipart.multipart:Calling on_part_data with data[0:1]
DEBUG:multipart.multipart:Calling on_part_data with data[217106:232832]
DEBUG:multipart.multipart:Calling on_part_data with data[0:1]
DEBUG:multipart.multipart:Calling on_part_data with data[232833:254892]
DEBUG:multipart.multipart:Calling on_part_data with data[0:1]
DEBUG:multipart.multipart:Calling on_part_data with data[254893:256000]
DEBUG:multipart.multipart:Calling on_part_data with data[0:18023]
DEBUG:multipart.multipart:Calling on_part_data with data[0:1]
DEBUG:multipart.multipart:Calling on_part_data with data[18024:256000]
DEBUG:multipart.multipart:Calling on_part_data with data[0:186810]
DEBUG:multipart.multipart:Calling on_part_data with data[0:1]
DEBUG:multipart.multipart:Calling on_part_data with data[186811:240939]
DEBUG:multipart.multipart:Calling on_part_data with data[0:1]
DEBUG:multipart.multipart:Calling on_part_data with data[240940:256000]
DEBUG:multipart.multipart:Calling on_part_data with data[0:93943]
DEBUG:multipart.multipart:Calling on_part_data with data[0:1]
DEBUG:multipart.multipart:Calling on_part_data with data[93944:99588]
DEBUG:multipart.multipart:Calling on_part_data with data[0:1]
DEBUG:multipart.multipart:Calling on_part_data with data[99589:243170]
DEBUG:multipart.multipart:Calling on_part_data with data[0:1]
DEBUG:multipart.multipart:Calling on_part_data with data[243171:256000]
DEBUG:multipart.multipart:Calling on_part_data with data[0:14402]
DEBUG:multipart.multipart:Calling on_part_data with data[0:1]
DEBUG:multipart.multipart:Calling on_part_data with data[14403:256000]
DEBUG:multipart.multipart:Calling on_part_data with data[0:62944]
DEBUG:multipart.multipart:Calling on_part_data with data[0:1]
DEBUG:multipart.multipart:Calling on_part_data with data[62945:63743]
DEBUG:multipart.multipart:Calling on_part_data with data[0:1]
DEBUG:multipart.multipart:Calling on_part_data with data[63744:172038]
DEBUG:multipart.multipart:Calling on_part_data with data[0:1]
DEBUG:multipart.multipart:Calling on_part_data with data[172039:177941]
DEBUG:multipart.multipart:Calling on_part_data with data[0:1]
DEBUG:multipart.multipart:Calling on_part_data with data[177942:178026]
DEBUG:multipart.multipart:Calling on_part_data with data[0:1]
DEBUG:multipart.multipart:Calling on_part_data with data[178027:205544]
DEBUG:multipart.multipart:Calling on_part_data with data[0:1]
DEBUG:multipart.multipart:Calling on_part_data with data[205545:256000]
DEBUG:multipart.multipart:Calling on_part_data with data[0:37234]
DEBUG:multipart.multipart:Calling on_part_data with data[0:1]
DEBUG:multipart.multipart:Calling on_part_data with data[37235:101674]
DEBUG:multipart.multipart:Calling on_part_data with data[0:1]
DEBUG:multipart.multipart:Calling on_part_data with data[101675:145835]
DEBUG:multipart.multipart:Calling on_part_data with data[0:1]
DEBUG:multipart.multipart:Calling on_part_data with data[145836:164417]
DEBUG:multipart.multipart:Calling on_part_data with data[0:1]
DEBUG:multipart.multipart:Calling on_part_data with data[164418:231510]
DEBUG:multipart.multipart:Calling on_part_data with data[0:1]
DEBUG:multipart.multipart:Calling on_part_data with data[231511:256000]
DEBUG:multipart.multipart:Calling on_part_data with data[0:62159]
DEBUG:multipart.multipart:Calling on_part_data with data[0:1]
DEBUG:multipart.multipart:Calling on_part_data with data[62160:121743]
DEBUG:multipart.multipart:Calling on_part_data with data[0:1]
DEBUG:multipart.multipart:Calling on_part_data with data[121744:127095]
DEBUG:multipart.multipart:Calling on_part_data with data[0:1]
DEBUG:multipart.multipart:Calling on_part_data with data[127096:256000]
DEBUG:multipart.multipart:Calling on_part_data with data[0:14158]
DEBUG:multipart.multipart:Calling on_part_data with data[0:1]
DEBUG:multipart.multipart:Calling on_part_data with data[14159:46041]
DEBUG:multipart.multipart:Calling on_part_data with data[0:1]
DEBUG:multipart.multipart:Calling on_part_data with data[46042:59485]
DEBUG:multipart.multipart:Calling on_part_data with data[0:1]
DEBUG:multipart.multipart:Calling on_part_data with data[59486:74025]
DEBUG:multipart.multipart:Calling on_part_data with data[0:1]
DEBUG:multipart.multipart:Calling on_part_data with data[74026:174024]
DEBUG:multipart.multipart:Calling on_part_data with data[0:1]
DEBUG:multipart.multipart:Calling on_part_data with data[174025:256000]
DEBUG:multipart.multipart:Calling on_part_data with data[0:23390]
DEBUG:multipart.multipart:Calling on_part_data with data[0:1]
DEBUG:multipart.multipart:Calling on_part_data with data[23391:136747]
DEBUG:multipart.multipart:Calling on_part_data with data[0:1]
DEBUG:multipart.multipart:Calling on_part_data with data[136748:256000]
DEBUG:multipart.multipart:Calling on_part_data with data[0:2615]
DEBUG:multipart.multipart:Calling on_part_data with data[0:1]
DEBUG:multipart.multipart:Calling on_part_data with data[2616:48567]
DEBUG:multipart.multipart:Calling on_part_data with data[0:1]
DEBUG:multipart.multipart:Calling on_part_data with data[48568:71742]
DEBUG:multipart.multipart:Calling on_part_data with data[0:1]
DEBUG:multipart.multipart:Calling on_part_data with data[71743:182835]
DEBUG:multipart.multipart:Calling on_part_data with data[0:1]
DEBUG:multipart.multipart:Calling on_part_data with data[182836:202548]
DEBUG:multipart.multipart:Calling on_part_data with data[0:1]
DEBUG:multipart.multipart:Calling on_part_data with data[202549:256000]
DEBUG:multipart.multipart:Calling on_part_data with data[0:128631]
DEBUG:multipart.multipart:Calling on_part_end with no data
DEBUG:multipart.multipart:Calling on_end with no data
DEBUG:urllib3.connectionpool:Starting new HTTPS connection (1): huggingface.co:443
DEBUG:pydub.converter:subprocess.call(['ffmpeg', '-y', '-f', 'mp3', '-i', 'audio.mp3', '-acodec', 'pcm_s16le', '-vn', '-f', 'wav', '-'])
DEBUG:urllib3.connectionpool:https://huggingface.co:443 "HEAD /distilbert-base-uncased-finetuned-sst-2-english/resolve/main/config.json HTTP/1.1" 200 0
DEBUG:multipart.multipart:Calling on_part_begin with no data
DEBUG:multipart.multipart:Calling on_header_field with data[42:61]
DEBUG:multipart.multipart:Calling on_header_value with data[63:108]
DEBUG:multipart.multipart:Calling on_header_end with no data
DEBUG:multipart.multipart:Calling on_header_field with data[110:122]
DEBUG:multipart.multipart:Calling on_header_value with data[124:134]
DEBUG:multipart.multipart:Calling on_header_end with no data
DEBUG:multipart.multipart:Calling on_headers_finished with no data
DEBUG:multipart.multipart:Calling on_part_data with data[138:69476]
DEBUG:multipart.multipart:Calling on_part_data with data[0:1]
DEBUG:multipart.multipart:Calling on_part_data with data[69477:196192]
DEBUG:multipart.multipart:Calling on_part_data with data[0:1]
DEBUG:multipart.multipart:Calling on_part_data with data[196193:249717]
DEBUG:multipart.multipart:Calling on_part_data with data[0:1]
DEBUG:multipart.multipart:Calling on_part_data with data[249718:256707]
DEBUG:multipart.multipart:Calling on_part_data with data[0:1]
DEBUG:multipart.multipart:Calling on_part_data with data[256708:272373]
DEBUG:multipart.multipart:Calling on_part_data with data[0:1]
DEBUG:multipart.multipart:Calling on_part_data with data[272374:272384]
DEBUG:multipart.multipart:Calling on_part_data with data[0:44772]
DEBUG:multipart.multipart:Calling on_part_data with data[0:1]
DEBUG:multipart.multipart:Calling on_part_data with data[44773:255973]
DEBUG:multipart.multipart:Calling on_part_data with data[0:1]
DEBUG:multipart.multipart:Calling on_part_data with data[255974:256000]
DEBUG:multipart.multipart:Calling on_part_data with data[0:4048]
DEBUG:multipart.multipart:Calling on_part_data with data[0:1]
DEBUG:multipart.multipart:Calling on_part_data with data[4049:48922]
DEBUG:multipart.multipart:Calling on_part_end with no data
DEBUG:multipart.multipart:Calling on_end with no data
DEBUG:pydub.converter:subprocess.call(['ffmpeg', '-y', '-f', 'mp3', '-i', 'audio2.mp3', '-acodec', 'pcm_s16le', '-vn', '-f', 'wav', '-'])
DEBUG:urllib3.connectionpool:Starting new HTTPS connection (1): huggingface.co:443
DEBUG:urllib3.connectionpool:https://huggingface.co:443 "HEAD /distilbert-base-uncased-finetuned-sst-2-english/resolve/main/config.json HTTP/1.1" 200 0
DEBUG:urllib3.connectionpool:Starting new HTTPS connection (1): huggingface.co:443
DEBUG:urllib3.connectionpool:https://huggingface.co:443 "HEAD /distilbert-base-uncased-finetuned-sst-2-english/resolve/main/config.json HTTP/1.1" 200 0
DEBUG:multipart.multipart:Calling on_field_start with no data
DEBUG:multipart.multipart:Calling on_field_name with data[0:10]
DEBUG:multipart.multipart:Calling on_field_data with data[11:19]
DEBUG:multipart.multipart:Calling on_field_end with no data
DEBUG:multipart.multipart:Calling on_field_start with no data
DEBUG:multipart.multipart:Calling on_field_name with data[20:28]
DEBUG:multipart.multipart:Calling on_field_data with data[29:54]
DEBUG:multipart.multipart:Calling on_field_end with no data
DEBUG:multipart.multipart:Calling on_field_start with no data
DEBUG:multipart.multipart:Calling on_field_name with data[55:63]
DEBUG:multipart.multipart:Calling on_field_data with data[64:72]
DEBUG:multipart.multipart:Calling on_field_end with no data
DEBUG:multipart.multipart:Calling on_end with no data
DEBUG:passlib.handlers.bcrypt:detected 'bcrypt' backend, version '4.0.1'
DEBUG:passlib.handlers.bcrypt:'bcrypt' backend lacks $2$ support, enabling workaround
